C:\GIT\FEMAS\CODE\FMUSER\USERDEMO\DEBUG\USERDEMO.PCH
C:\GIT\FEMAS\CODE\FMUSER\USERDEMO\DEBUG\STDAFX.OBJ
C:\GIT\FEMAS\CODE\FMUSER\USERDEMO\DEBUG\VC110.PDB
C:\GIT\FEMAS\CODE\FMUSER\USERDEMO\DEBUG\USERDEMO.OBJ
C:\GIT\FEMAS\CODE\FMUSER\DEBUG\USERDEMO.ILK
C:\GIT\FEMAS\CODE\FMUSER\DEBUG\USERDEMO.EXE
C:\GIT\FEMAS\CODE\FMUSER\DEBUG\USERDEMO.PDB
C:\git\Femas\code\FMUser\Userdemo\Debug\stdafx.obj
C:\git\Femas\code\FMUser\Userdemo\Debug\Userdemo.obj
C:\git\Femas\code\FMUser\Userdemo\Debug\cl.command.1.tlog
C:\git\Femas\code\FMUser\Userdemo\Debug\CL.read.1.tlog
C:\git\Femas\code\FMUser\Userdemo\Debug\CL.write.1.tlog
C:\git\Femas\code\FMUser\Userdemo\Debug\link-cvtres.read.1.tlog
C:\git\Femas\code\FMUser\Userdemo\Debug\link-cvtres.write.1.tlog
C:\git\Femas\code\FMUser\Userdemo\Debug\link-rc.read.1.tlog
C:\git\Femas\code\FMUser\Userdemo\Debug\link-rc.write.1.tlog
C:\git\Femas\code\FMUser\Userdemo\Debug\link.command.1.tlog
C:\git\Femas\code\FMUser\Userdemo\Debug\link.read.1.tlog
C:\git\Femas\code\FMUser\Userdemo\Debug\link.write.1.tlog
C:\git\Femas\code\FMUser\Userdemo\Debug\Userdemo.pch
C:\git\Femas\code\FMUser\Userdemo\Debug\vc110.idb
C:\git\Femas\code\FMUser\Userdemo\Debug\vc110.pdb
C:\git\Femas\code\FMUser\Debug\Userdemo.pdb
C:\git\Femas\code\FMUser\Debug\Userdemo.exe
C:\git\Femas\code\FMUser\Debug\Userdemo.ilk
